TN:
SF:src\Maths.js
FN:4,(anonymous_0)
FN:8,(anonymous_1)
FN:12,(anonymous_2)
FN:16,(anonymous_3)
FN:18,(anonymous_4)
FN:21,(anonymous_5)
FN:24,(anonymous_6)
FN:27,(anonymous_7)
FN:33,(anonymous_8)
FN:38,(anonymous_9)
FN:42,(anonymous_10)
FN:46,(anonymous_11)
FN:47,(anonymous_12)
FN:48,(anonymous_13)
FN:49,(anonymous_14)
FN:54,(anonymous_15)
FN:55,(anonymous_16)
FN:59,(anonymous_17)
FN:70,(anonymous_18)
FN:71,(anonymous_19)
FNF:20
FNH:14
FNDA:6,(anonymous_0)
FNDA:0,(anonymous_1)
FNDA:0,(anonymous_2)
FNDA:16,(anonymous_3)
FNDA:10,(anonymous_4)
FNDA:5,(anonymous_5)
FNDA:0,(anonymous_6)
FNDA:0,(anonymous_7)
FNDA:5,(anonymous_8)
FNDA:0,(anonymous_9)
FNDA:5,(anonymous_10)
FNDA:5,(anonymous_11)
FNDA:5,(anonymous_12)
FNDA:5,(anonymous_13)
FNDA:5,(anonymous_14)
FNDA:5,(anonymous_15)
FNDA:5,(anonymous_16)
FNDA:20,(anonymous_17)
FNDA:5,(anonymous_18)
FNDA:0,(anonymous_19)
DA:1,6
DA:9,0
DA:13,0
DA:17,16
DA:19,10
DA:22,5
DA:25,0
DA:28,0
DA:34,5
DA:35,5
DA:39,0
DA:43,5
DA:47,5
DA:48,5
DA:50,5
DA:55,5
DA:56,5
DA:57,5
DA:59,5
DA:60,20
DA:61,5
DA:62,5
DA:64,0
DA:68,5
DA:70,5
DA:71,0
DA:75,6
LF:27
LH:20
BRDA:60,0,0,5
BRDA:60,0,1,15
BRDA:61,1,0,5
BRDA:61,1,1,0
BRF:4
BRH:3
end_of_record
